2019-08-23 16:36:06.413  INFO 19556 --- [restartedMain] com.example.demo.DemoApplication         : Starting DemoApplication on DESKTOP-TVOBBOQ with PID 19556 (D:\code\demo\target\classes started by TJJ in D:\code\demo)
2019-08-23 16:36:06.424  INFO 19556 --- [restartedMain] com.example.demo.DemoApplication         : No active profile set, falling back to default profiles: default
2019-08-23 16:36:06.460  INFO 19556 --- [restartedMain] .e.DevToolsPropertyDefaultsPostProcessor : Devtools property defaults active! Set 'spring.devtools.add-properties' to 'false' to disable
2019-08-23 16:36:06.460  INFO 19556 --- [restartedMain] .e.DevToolsPropertyDefaultsPostProcessor : For additional web related logging consider setting the 'logging.level.web' property to 'DEBUG'
2019-08-23 16:36:07.056  INFO 19556 --- [restartedMain] .s.d.r.c.RepositoryConfigurationDelegate : Multiple Spring Data modules found, entering strict repository configuration mode!
2019-08-23 16:36:07.058  INFO 19556 --- [restartedMain] .s.d.r.c.RepositoryConfigurationDelegate : Bootstrapping Spring Data repositories in DEFAULT mode.
2019-08-23 16:36:07.074  INFO 19556 --- [restartedMain] .s.d.r.c.RepositoryConfigurationDelegate : Finished Spring Data repository scanning in 6ms. Found 0 repository interfaces.
2019-08-23 16:36:07.271  INFO 19556 --- [restartedMain] trationDelegate$BeanPostProcessorChecker : Bean 'org.springframework.transaction.annotation.ProxyTransactionManagementConfiguration' of type [org.springframework.transaction.annotation.ProxyTransactionManagementConfiguration$$EnhancerBySpringCGLIB$$a6dd2b66] is not eligible for getting processed by all BeanPostProcessors (for example: not eligible for auto-proxying)
2019-08-23 16:36:07.572  INFO 19556 --- [restartedMain] o.s.b.w.embedded.tomcat.TomcatWebServer  : Tomcat initialized with port(s): 8443 (http)
2019-08-23 16:36:07.589  INFO 19556 --- [restartedMain] o.apache.catalina.core.StandardService   : Starting service [Tomcat]
2019-08-23 16:36:07.589  INFO 19556 --- [restartedMain] org.apache.catalina.core.StandardEngine  : Starting Servlet engine: [Apache Tomcat/9.0.19]
2019-08-23 16:36:07.751  INFO 19556 --- [restartedMain] o.a.c.c.C.[Tomcat].[localhost].[/]       : Initializing Spring embedded WebApplicationContext
2019-08-23 16:36:07.751  INFO 19556 --- [restartedMain] o.s.web.context.ContextLoader            : Root WebApplicationContext: initialization completed in 1290 ms
2019-08-23 16:36:08.080  WARN 19556 --- [restartedMain] ConfigServletWebServerApplicationContext : Exception encountered during context initialization - cancelling refresh attempt: org.springframework.beans.factory.UnsatisfiedDependencyException: Error creating bean with name 'demoController': Unsatisfied dependency expressed through field 'userMapper'; nested exception is org.springframework.beans.factory.NoSuchBeanDefinitionException: No qualifying bean of type 'com.example.demo.mapper.ParkUserMapper' available: expected at least 1 bean which qualifies as autowire candidate. Dependency annotations: {@org.springframework.beans.factory.annotation.Autowired(required=true)}
2019-08-23 16:36:08.082  INFO 19556 --- [restartedMain] o.apache.catalina.core.StandardService   : Stopping service [Tomcat]
2019-08-23 16:36:08.091  INFO 19556 --- [restartedMain] ConditionEvaluationReportLoggingListener : 

Error starting ApplicationContext. To display the conditions report re-run your application with 'debug' enabled.
2019-08-23 16:36:08.172 ERROR 19556 --- [restartedMain] o.s.b.d.LoggingFailureAnalysisReporter   : 

***************************
APPLICATION FAILED TO START
***************************

Description:

Field userMapper in com.example.demo.controller.DemoController required a bean of type 'com.example.demo.mapper.ParkUserMapper' that could not be found.

The injection point has the following annotations:
	- @org.springframework.beans.factory.annotation.Autowired(required=true)


Action:

Consider defining a bean of type 'com.example.demo.mapper.ParkUserMapper' in your configuration.

2019-08-23 16:36:30.802  INFO 13584 --- [restartedMain] com.example.demo.DemoApplication         : Starting DemoApplication on DESKTOP-TVOBBOQ with PID 13584 (D:\code\demo\target\classes started by TJJ in D:\code\demo)
2019-08-23 16:36:30.805  INFO 13584 --- [restartedMain] com.example.demo.DemoApplication         : No active profile set, falling back to default profiles: default
2019-08-23 16:36:30.837  INFO 13584 --- [restartedMain] .e.DevToolsPropertyDefaultsPostProcessor : Devtools property defaults active! Set 'spring.devtools.add-properties' to 'false' to disable
2019-08-23 16:36:30.837  INFO 13584 --- [restartedMain] .e.DevToolsPropertyDefaultsPostProcessor : For additional web related logging consider setting the 'logging.level.web' property to 'DEBUG'
2019-08-23 16:36:31.428  INFO 13584 --- [restartedMain] .s.d.r.c.RepositoryConfigurationDelegate : Multiple Spring Data modules found, entering strict repository configuration mode!
2019-08-23 16:36:31.430  INFO 13584 --- [restartedMain] .s.d.r.c.RepositoryConfigurationDelegate : Bootstrapping Spring Data repositories in DEFAULT mode.
2019-08-23 16:36:31.449  INFO 13584 --- [restartedMain] .s.d.r.c.RepositoryConfigurationDelegate : Finished Spring Data repository scanning in 7ms. Found 0 repository interfaces.
2019-08-23 16:36:31.713  INFO 13584 --- [restartedMain] trationDelegate$BeanPostProcessorChecker : Bean 'org.springframework.transaction.annotation.ProxyTransactionManagementConfiguration' of type [org.springframework.transaction.annotation.ProxyTransactionManagementConfiguration$$EnhancerBySpringCGLIB$$4a11e22b] is not eligible for getting processed by all BeanPostProcessors (for example: not eligible for auto-proxying)
2019-08-23 16:36:32.025  INFO 13584 --- [restartedMain] o.s.b.w.embedded.tomcat.TomcatWebServer  : Tomcat initialized with port(s): 8443 (http)
2019-08-23 16:36:32.042  INFO 13584 --- [restartedMain] o.apache.catalina.core.StandardService   : Starting service [Tomcat]
2019-08-23 16:36:32.043  INFO 13584 --- [restartedMain] org.apache.catalina.core.StandardEngine  : Starting Servlet engine: [Apache Tomcat/9.0.19]
2019-08-23 16:36:32.202  INFO 13584 --- [restartedMain] o.a.c.c.C.[Tomcat].[localhost].[/]       : Initializing Spring embedded WebApplicationContext
2019-08-23 16:36:32.203  INFO 13584 --- [restartedMain] o.s.web.context.ContextLoader            : Root WebApplicationContext: initialization completed in 1366 ms
2019-08-23 16:36:33.221  INFO 13584 --- [restartedMain] o.s.s.concurrent.ThreadPoolTaskExecutor  : Initializing ExecutorService 'applicationTaskExecutor'
2019-08-23 16:36:33.538  INFO 13584 --- [restartedMain] o.s.b.d.a.OptionalLiveReloadServer       : LiveReload server is running on port 35729
2019-08-23 16:36:33.583  INFO 13584 --- [restartedMain] o.s.b.w.embedded.tomcat.TomcatWebServer  : Tomcat started on port(s): 8443 (http) with context path ''
2019-08-23 16:36:33.585  INFO 13584 --- [restartedMain] com.example.demo.DemoApplication         : Started DemoApplication in 3.103 seconds (JVM running for 4.956)
2019-08-23 16:37:57.934  INFO 13584 --- [Thread-16] o.s.s.concurrent.ThreadPoolTaskExecutor  : Shutting down ExecutorService 'applicationTaskExecutor'
2019-08-23 16:38:03.138  INFO 13404 --- [restartedMain] com.example.demo.DemoApplication         : Starting DemoApplication on DESKTOP-TVOBBOQ with PID 13404 (D:\code\demo\target\classes started by TJJ in D:\code\demo)
2019-08-23 16:38:03.142  INFO 13404 --- [restartedMain] com.example.demo.DemoApplication         : No active profile set, falling back to default profiles: default
2019-08-23 16:38:03.181  INFO 13404 --- [restartedMain] .e.DevToolsPropertyDefaultsPostProcessor : Devtools property defaults active! Set 'spring.devtools.add-properties' to 'false' to disable
2019-08-23 16:38:03.182  INFO 13404 --- [restartedMain] .e.DevToolsPropertyDefaultsPostProcessor : For additional web related logging consider setting the 'logging.level.web' property to 'DEBUG'
2019-08-23 16:38:03.856  INFO 13404 --- [restartedMain] .s.d.r.c.RepositoryConfigurationDelegate : Multiple Spring Data modules found, entering strict repository configuration mode!
2019-08-23 16:38:03.858  INFO 13404 --- [restartedMain] .s.d.r.c.RepositoryConfigurationDelegate : Bootstrapping Spring Data repositories in DEFAULT mode.
2019-08-23 16:38:03.875  INFO 13404 --- [restartedMain] .s.d.r.c.RepositoryConfigurationDelegate : Finished Spring Data repository scanning in 7ms. Found 0 repository interfaces.
2019-08-23 16:38:04.119  INFO 13404 --- [restartedMain] trationDelegate$BeanPostProcessorChecker : Bean 'org.springframework.transaction.annotation.ProxyTransactionManagementConfiguration' of type [org.springframework.transaction.annotation.ProxyTransactionManagementConfiguration$$EnhancerBySpringCGLIB$$313aaba6] is not eligible for getting processed by all BeanPostProcessors (for example: not eligible for auto-proxying)
2019-08-23 16:38:04.454  INFO 13404 --- [restartedMain] o.s.b.w.embedded.tomcat.TomcatWebServer  : Tomcat initialized with port(s): 8443 (http)
2019-08-23 16:38:04.473  INFO 13404 --- [restartedMain] o.apache.catalina.core.StandardService   : Starting service [Tomcat]
2019-08-23 16:38:04.474  INFO 13404 --- [restartedMain] org.apache.catalina.core.StandardEngine  : Starting Servlet engine: [Apache Tomcat/9.0.19]
2019-08-23 16:38:04.648  INFO 13404 --- [restartedMain] o.a.c.c.C.[Tomcat].[localhost].[/]       : Initializing Spring embedded WebApplicationContext
2019-08-23 16:38:04.648  INFO 13404 --- [restartedMain] o.s.web.context.ContextLoader            : Root WebApplicationContext: initialization completed in 1466 ms
2019-08-23 16:38:05.595  INFO 13404 --- [restartedMain] o.s.s.concurrent.ThreadPoolTaskExecutor  : Initializing ExecutorService 'applicationTaskExecutor'
2019-08-23 16:38:05.900  INFO 13404 --- [restartedMain] o.s.b.d.a.OptionalLiveReloadServer       : LiveReload server is running on port 35729
2019-08-23 16:38:05.943  INFO 13404 --- [restartedMain] o.s.b.w.embedded.tomcat.TomcatWebServer  : Tomcat started on port(s): 8443 (http) with context path ''
2019-08-23 16:38:05.945  INFO 13404 --- [restartedMain] com.example.demo.DemoApplication         : Started DemoApplication in 3.216 seconds (JVM running for 4.327)
2019-08-23 16:38:49.130  INFO 13404 --- [http-nio-8443-exec-1] o.a.c.c.C.[Tomcat].[localhost].[/]       : Initializing Spring DispatcherServlet 'dispatcherServlet'
2019-08-23 16:38:49.131  INFO 13404 --- [http-nio-8443-exec-1] o.s.web.servlet.DispatcherServlet        : Initializing Servlet 'dispatcherServlet'
2019-08-23 16:38:49.138  INFO 13404 --- [http-nio-8443-exec-1] o.s.web.servlet.DispatcherServlet        : Completed initialization in 7 ms
2019-08-23 16:38:49.192  INFO 13404 --- [http-nio-8443-exec-1] com.zaxxer.hikari.HikariDataSource       : HikariPool-1 - Starting...
2019-08-23 16:38:49.784  INFO 13404 --- [http-nio-8443-exec-1] com.zaxxer.hikari.HikariDataSource       : HikariPool-1 - Start completed.
2019-08-23 16:38:49.790 DEBUG 13404 --- [http-nio-8443-exec-1] c.e.d.m.ParkUserMapper.selectByExample   : ==>  Preparing: select id, openid, from_type, mobile, password, nickname, avatar, order_count, expense, margin, margin_id, auto_open, contract_id, agreement_no, is_del, login_count, last_login_from, last_login_at, current_order, last_order, from_agent_id, from_stand_id, credit, created_at, updated_at, wallet, gender from park_user 
2019-08-23 16:38:49.809 DEBUG 13404 --- [http-nio-8443-exec-1] c.e.d.m.ParkUserMapper.selectByExample   : ==> Parameters: 
2019-08-23 16:38:49.865 DEBUG 13404 --- [http-nio-8443-exec-1] c.e.d.m.ParkUserMapper.selectByExample   : <==      Total: 4
2019-08-23 16:40:01.731 DEBUG 13404 --- [http-nio-8443-exec-5] c.e.d.m.ParkUserMapper.selectByExample   : ==>  Preparing: select id, openid, from_type, mobile, password, nickname, avatar, order_count, expense, margin, margin_id, auto_open, contract_id, agreement_no, is_del, login_count, last_login_from, last_login_at, current_order, last_order, from_agent_id, from_stand_id, credit, created_at, updated_at, wallet, gender from park_user 
2019-08-23 16:40:01.732 DEBUG 13404 --- [http-nio-8443-exec-5] c.e.d.m.ParkUserMapper.selectByExample   : ==> Parameters: 
2019-08-23 16:40:01.772 DEBUG 13404 --- [http-nio-8443-exec-5] c.e.d.m.ParkUserMapper.selectByExample   : <==      Total: 5
2019-08-23 16:40:40.136 DEBUG 13404 --- [http-nio-8443-exec-6] c.e.d.m.ParkUserMapper.selectByExample   : ==>  Preparing: select id, openid, from_type, mobile, password, nickname, avatar, order_count, expense, margin, margin_id, auto_open, contract_id, agreement_no, is_del, login_count, last_login_from, last_login_at, current_order, last_order, from_agent_id, from_stand_id, credit, created_at, updated_at, wallet, gender from park_user 
2019-08-23 16:40:40.136 DEBUG 13404 --- [http-nio-8443-exec-6] c.e.d.m.ParkUserMapper.selectByExample   : ==> Parameters: 
2019-08-23 16:40:40.205 DEBUG 13404 --- [http-nio-8443-exec-6] c.e.d.m.ParkUserMapper.selectByExample   : <==      Total: 6
2019-08-23 16:41:35.672 DEBUG 13404 --- [http-nio-8443-exec-7] c.e.d.m.ParkUserMapper.selectByExample   : ==>  Preparing: select id, openid, from_type, mobile, password, nickname, avatar, order_count, expense, margin, margin_id, auto_open, contract_id, agreement_no, is_del, login_count, last_login_from, last_login_at, current_order, last_order, from_agent_id, from_stand_id, credit, created_at, updated_at, wallet, gender from park_user 
2019-08-23 16:41:35.673 DEBUG 13404 --- [http-nio-8443-exec-7] c.e.d.m.ParkUserMapper.selectByExample   : ==> Parameters: 
2019-08-23 16:41:35.744 DEBUG 13404 --- [http-nio-8443-exec-7] c.e.d.m.ParkUserMapper.selectByExample   : <==      Total: 7
2019-08-23 16:54:17.247  INFO 13404 --- [Thread-15] o.s.s.concurrent.ThreadPoolTaskExecutor  : Shutting down ExecutorService 'applicationTaskExecutor'
2019-08-23 16:54:17.265  INFO 13404 --- [Thread-15] com.zaxxer.hikari.HikariDataSource       : HikariPool-1 - Shutdown initiated...
2019-08-23 16:54:17.275  INFO 13404 --- [Thread-15] com.zaxxer.hikari.HikariDataSource       : HikariPool-1 - Shutdown completed.
